[debug] [2020-05-25T14:02:44.027Z] ----------------------------------------------------------------------
[debug] [2020-05-25T14:02:44.029Z] Command:       C:\Program Files\nodejs\node.exe C:\Users\Erik Verduin\AppData\Roaming\npm\node_modules\firebase-tools\lib\bin\firebase.js serve --only functions
[debug] [2020-05-25T14:02:44.029Z] CLI Version:   7.8.1
[debug] [2020-05-25T14:02:44.029Z] Platform:      win32
[debug] [2020-05-25T14:02:44.029Z] Node Version:  v10.16.0
[debug] [2020-05-25T14:02:44.030Z] Time:          Mon May 25 2020 09:02:44 GMT-0500 (Central Daylight Time)
[debug] [2020-05-25T14:02:44.030Z] ----------------------------------------------------------------------
[debug] [2020-05-25T14:02:44.030Z] 
[debug] [2020-05-25T14:02:44.038Z] > command requires scopes: ["email","openid","https://www.googleapis.com/auth/cloudplatformprojects.readonly","https://www.googleapis.com/auth/firebase","https://www.googleapis.com/auth/cloud-platform"]
[debug] [2020-05-25T14:02:44.039Z] > authorizing via signed-in user
[debug] [2020-05-25T14:02:44.039Z] [iam] checking project yami-backend for permissions ["firebase.projects.get"]
[debug] [2020-05-25T14:02:44.040Z] >>> HTTP REQUEST POST https://cloudresourcemanager.googleapis.com/v1/projects/yami-backend:testIamPermissions  

[debug] [2020-05-25T14:02:44.202Z] <<< HTTP RESPONSE 200
[debug] [2020-05-25T14:02:44.204Z] >>> HTTP REQUEST GET https://firebase.googleapis.com/v1beta1/projects/yami-backend  
 
[debug] [2020-05-25T14:02:44.408Z] <<< HTTP RESPONSE 200
[info] +  functions: Using node@10 from host.
[info] +  functions: Emulator started at http://localhost:5000
[info] i  functions: Watching "C:\Users\Erik Verduin\SOURCE\yami\functions" for Cloud Functions...
[debug] [2020-05-25T14:02:46.941Z] [worker-~diagnostic~-26317a53-dc01-4c8c-9354-a3dde554b0c6]: Assigning socketPath: \\?\pipe\C:\Users\Erik Verduin\SOURCE\yami\functions\5300
[debug] [2020-05-25T14:02:46.942Z] [worker-~diagnostic~-26317a53-dc01-4c8c-9354-a3dde554b0c6]: BUSY
[debug] [2020-05-25T14:02:47.331Z] [runtime-status] [5300] Functions runtime initialized. {"cwd":"C:\\Users\\Erik Verduin\\SOURCE\\yami\\functions","node_version":"10.16.0"}
[debug] [2020-05-25T14:02:47.333Z] [runtime-status] [5300] Disabled runtime features: {"functions_config_helper":true,"network_filtering":true,"timeout":true,"memory_limiting":true,"admin_stubs":true,"pubsub_emulator":true}
[debug] [2020-05-25T14:02:47.336Z] [runtime-status] [5300] Resolved module firebase-admin {"declared":true,"installed":true,"version":"8.12.1","resolution":"C:\\Users\\Erik Verduin\\SOURCE\\yami\\functions\\node_modules\\firebase-admin\\lib\\index.js"}
[debug] [2020-05-25T14:02:47.337Z] [runtime-status] [5300] Resolved module firebase-functions {"declared":true,"installed":true,"version":"3.6.1","resolution":"C:\\Users\\Erik Verduin\\SOURCE\\yami\\functions\\node_modules\\firebase-functions\\lib\\index.js"}
[debug] [2020-05-25T14:02:47.338Z] [runtime-status] [5300] Resolved module firebase-functions {"declared":true,"installed":true,"version":"3.6.1","resolution":"C:\\Users\\Erik Verduin\\SOURCE\\yami\\functions\\node_modules\\firebase-functions\\lib\\index.js"}
[info] +  functions[basicHTTP]: http function initialized (http://localhost:5000/yami-backend/us-central1/basicHTTP).
[info] +  functions[api]: http function initialized (http://localhost:5000/yami-backend/us-central1/api).
[debug] [2020-05-25T14:02:47.530Z] [worker-~diagnostic~-26317a53-dc01-4c8c-9354-a3dde554b0c6]: exited
[debug] [2020-05-25T14:02:47.530Z] [worker-~diagnostic~-26317a53-dc01-4c8c-9354-a3dde554b0c6]: FINISHED
[debug] [2020-05-25T14:02:52.588Z] Accepted request OPTIONS /yami-backend/us-central1/api/cat --> api
[debug] [2020-05-25T14:02:52.597Z] [worker-api-4a0ef581-a4bb-48cc-978e-e7b0fdea5908]: Assigning socketPath: \\?\pipe\C:\Users\Erik Verduin\SOURCE\yami\functions\8232
[debug] [2020-05-25T14:02:52.597Z] [worker-api-4a0ef581-a4bb-48cc-978e-e7b0fdea5908]: BUSY
[debug] [2020-05-25T14:02:53.000Z] [runtime-status] [8232] Functions runtime initialized. {"cwd":"C:\\Users\\Erik Verduin\\SOURCE\\yami\\functions","node_version":"10.16.0"}
[debug] [2020-05-25T14:02:53.003Z] [runtime-status] [8232] Disabled runtime features: {"functions_config_helper":true,"network_filtering":true,"timeout":true,"memory_limiting":true,"admin_stubs":true,"pubsub_emulator":true}
[debug] [2020-05-25T14:02:53.005Z] [runtime-status] [8232] Resolved module firebase-admin {"declared":true,"installed":true,"version":"8.12.1","resolution":"C:\\Users\\Erik Verduin\\SOURCE\\yami\\functions\\node_modules\\firebase-admin\\lib\\index.js"}
[debug] [2020-05-25T14:02:53.007Z] [runtime-status] [8232] Resolved module firebase-functions {"declared":true,"installed":true,"version":"3.6.1","resolution":"C:\\Users\\Erik Verduin\\SOURCE\\yami\\functions\\node_modules\\firebase-functions\\lib\\index.js"}
[debug] [2020-05-25T14:02:53.008Z] [runtime-status] [8232] Resolved module firebase-functions {"declared":true,"installed":true,"version":"3.6.1","resolution":"C:\\Users\\Erik Verduin\\SOURCE\\yami\\functions\\node_modules\\firebase-functions\\lib\\index.js"}
[debug] [2020-05-25T14:02:53.175Z] [runtime-status] [8232] Trigger "api" has been found, beginning invocation!
[info] i  functions: Beginning execution of "api"
[debug] [2020-05-25T14:02:53.176Z] [runtime-status] [8232] triggerDefinition {"httpsTrigger":{},"name":"api","entryPoint":"api"}
[debug] [2020-05-25T14:02:53.176Z] [runtime-status] [8232] Running api in mode HTTPS
[debug] [2020-05-25T14:02:53.180Z] [runtime-status] [8232] Attempting to listen to socketPath: \\?\pipe\C:\Users\Erik Verduin\SOURCE\yami\functions\8232
[debug] [2020-05-25T14:02:53.184Z] [functions] Runtime ready! Sending request!
[debug] [2020-05-25T14:02:53.190Z] [runtime-status] [8232] Ephemeral server handling OPTIONS request
[debug] [2020-05-25T14:02:53.195Z] [runtime-status] [8232] Ephemeral server survived.
[debug] [2020-05-25T14:02:53.197Z] Accepted request DELETE /yami-backend/us-central1/api/cat --> api
[debug] [2020-05-25T14:02:53.203Z] [worker-api-061f18f3-7e26-4fc3-b5c4-347ba3036ea4]: Assigning socketPath: \\?\pipe\C:\Users\Erik Verduin\SOURCE\yami\functions\7284
[debug] [2020-05-25T14:02:53.204Z] [worker-api-061f18f3-7e26-4fc3-b5c4-347ba3036ea4]: BUSY
[info] i  functions: Finished "api" in ~1s
[debug] [2020-05-25T14:02:53.205Z] [worker-api-4a0ef581-a4bb-48cc-978e-e7b0fdea5908]: IDLE
[debug] [2020-05-25T14:02:53.622Z] [runtime-status] [7284] Functions runtime initialized. {"cwd":"C:\\Users\\Erik Verduin\\SOURCE\\yami\\functions","node_version":"10.16.0"}
[debug] [2020-05-25T14:02:53.624Z] [runtime-status] [7284] Disabled runtime features: {"functions_config_helper":true,"network_filtering":true,"timeout":true,"memory_limiting":true,"admin_stubs":true,"pubsub_emulator":true}
[debug] [2020-05-25T14:02:53.627Z] [runtime-status] [7284] Resolved module firebase-admin {"declared":true,"installed":true,"version":"8.12.1","resolution":"C:\\Users\\Erik Verduin\\SOURCE\\yami\\functions\\node_modules\\firebase-admin\\lib\\index.js"}
[debug] [2020-05-25T14:02:53.628Z] [runtime-status] [7284] Resolved module firebase-functions {"declared":true,"installed":true,"version":"3.6.1","resolution":"C:\\Users\\Erik Verduin\\SOURCE\\yami\\functions\\node_modules\\firebase-functions\\lib\\index.js"}
[debug] [2020-05-25T14:02:53.629Z] [runtime-status] [7284] Resolved module firebase-functions {"declared":true,"installed":true,"version":"3.6.1","resolution":"C:\\Users\\Erik Verduin\\SOURCE\\yami\\functions\\node_modules\\firebase-functions\\lib\\index.js"}
[debug] [2020-05-25T14:02:53.835Z] [runtime-status] [7284] Trigger "api" has been found, beginning invocation!
[info] i  functions: Beginning execution of "api"
[debug] [2020-05-25T14:02:53.836Z] [runtime-status] [7284] triggerDefinition {"httpsTrigger":{},"name":"api","entryPoint":"api"}
[debug] [2020-05-25T14:02:53.836Z] [runtime-status] [7284] Running api in mode HTTPS
[debug] [2020-05-25T14:02:53.840Z] [runtime-status] [7284] Attempting to listen to socketPath: \\?\pipe\C:\Users\Erik Verduin\SOURCE\yami\functions\7284
[debug] [2020-05-25T14:02:53.844Z] [functions] Runtime ready! Sending request!
[debug] [2020-05-25T14:02:53.852Z] [runtime-status] [7284] Ephemeral server handling DELETE request
[debug] [2020-05-25T14:02:53.860Z] [runtime-status] [7284] Ephemeral server survived.
[info] i  functions: Finished "api" in ~1s
[debug] [2020-05-25T14:02:53.862Z] [worker-api-061f18f3-7e26-4fc3-b5c4-347ba3036ea4]: IDLE
